<?xml version="1.0" encoding="UTF-8"?>
<!-- Generated by org.testng.reporters.JUnitReportReporter -->
<testsuite hostname="Hello" name="test.Testcases" tests="1" failures="0" timestamp="2 Jan 2015 09:48:23 GMT" time="10.130" errors="0">
  <testcase name="BullboardViewByRating" time="10.130" classname="test.Testcases"/>
</testsuite> <!-- test.Testcases -->
