<?xml version="1.0" encoding="UTF-8"?>
<!-- Generated by org.testng.reporters.JUnitReportReporter -->
<testsuite hostname="Hello" name="test.Testcases" tests="1" failures="0" timestamp="13 Jan 2015 13:00:57 GMT" time="176.516" errors="0">
  <testcase name="Login" time="176.516" classname="test.Testcases"/>
</testsuite> <!-- test.Testcases -->
