<?xml version="1.0" encoding="UTF-8"?>
<!-- Generated by org.testng.reporters.JUnitReportReporter -->
<testsuite hostname="Hello" name="test.HomePageTestCases" tests="32" failures="0" timestamp="20 Feb 2015 09:42:19 GMT" time="4216.151" errors="0">
  <testcase name="clickCommodities" time="488.323" classname="test.HomePageTestCases"/>
  <testcase name="mFirstPrice" time="43.955" classname="test.HomePageTestCases"/>
  <testcase name="clickSignIn" time="116.532" classname="test.HomePageTestCases"/>
  <testcase name="secoundChangedown" time="63.488" classname="test.HomePageTestCases"/>
  <testcase name="clickCurrencies" time="90.027" classname="test.HomePageTestCases"/>
  <testcase name="mSecoundPrice" time="93.515" classname="test.HomePageTestCases"/>
  <testcase name="community" time="73.172" classname="test.HomePageTestCases"/>
  <testcase name="secoundItemName" time="153.584" classname="test.HomePageTestCases"/>
  <testcase name="secoundPrice" time="112.220" classname="test.HomePageTestCases"/>
  <testcase name="firstChangedown" time="36.561" classname="test.HomePageTestCases"/>
  <testcase name="portfolio" time="43.803" classname="test.HomePageTestCases"/>
  <testcase name="mSecounditemName" time="110.152" classname="test.HomePageTestCases"/>
  <testcase name="help" time="104.518" classname="test.HomePageTestCases"/>
  <testcase name="ContactUs" time="831.450" classname="test.HomePageTestCases"/>
  <testcase name="disclaimer" time="42.076" classname="test.HomePageTestCases"/>
  <testcase name="clickJoinCommunity" time="183.983" classname="test.HomePageTestCases"/>
  <testcase name="mFirstitemName" time="72.715" classname="test.HomePageTestCases"/>
  <testcase name="video" time="32.425" classname="test.HomePageTestCases"/>
  <testcase name="mSecoundChangeDown" time="173.257" classname="test.HomePageTestCases"/>
  <testcase name="home" time="81.872" classname="test.HomePageTestCases"/>
  <testcase name="careers" time="52.116" classname="test.HomePageTestCases"/>
  <testcase name="mFirstChangeDown" time="50.897" classname="test.HomePageTestCases"/>
  <testcase name="blog" time="146.668" classname="test.HomePageTestCases"/>
  <testcase name="advertising" time="100.466" classname="test.HomePageTestCases"/>
  <testcase name="privacyPolicy" time="52.856" classname="test.HomePageTestCases"/>
  <testcase name="aboutUs" time="31.583" classname="test.HomePageTestCases"/>
  <testcase name="news" time="122.393" classname="test.HomePageTestCases"/>
  <testcase name="markets" time="214.652" classname="test.HomePageTestCases"/>
  <testcase name="sitemap" time="87.428" classname="test.HomePageTestCases"/>
  <testcase name="firstitemName" time="241.705" classname="test.HomePageTestCases"/>
  <testcase name="opinion" time="33.216" classname="test.HomePageTestCases"/>
  <testcase name="firstprice" time="134.543" classname="test.HomePageTestCases"/>
</testsuite> <!-- test.HomePageTestCases -->
